[0915/070829.368:ERROR:process_memory_win.cc(73)] ReadMemory at 0x7ff6261f0000 of 64 bytes failed: Only part of a ReadProcessMemory or WriteProcessMemory request was completed. (0x12B)
[0915/070829.373:WARNING:pe_image_reader.cc(340)] could not read dos header from C:\Program Files (x86)\Google\Chrome\Application\chrome.exe
[0915/070829.373:ERROR:process_memory_win.cc(73)] ReadMemory at 0x7fff34db0000 of 64 bytes failed: Only part of a ReadProcessMemory or WriteProcessMemory request was completed. (0x12B)
[0915/070829.373:WARNING:pe_image_reader.cc(340)] could not read dos header from C:\WINDOWS\SYSTEM32\ntdll.dll
[0915/070829.373:ERROR:process_memory_win.cc(73)] ReadMemory at 0x7fff32fe0000 of 64 bytes failed: Only part of a ReadProcessMemory or WriteProcessMemory request was completed. (0x12B)
[0915/070829.374:WARNING:pe_image_reader.cc(340)] could not read dos header from C:\WINDOWS\System32\KERNEL32.DLL
[0915/070829.375:ERROR:process_memory_win.cc(73)] ReadMemory at 0x7fff32930000 of 64 bytes failed: Only part of a ReadProcessMemory or WriteProcessMemory request was completed. (0x12B)
[0915/070829.375:WARNING:pe_image_reader.cc(340)] could not read dos header from C:\WINDOWS\System32\KERNELBASE.dll
[0915/070829.375:ERROR:process_memory_win.cc(73)] ReadMemory at 0x7fff05710000 of 64 bytes failed: Only part of a ReadProcessMemory or WriteProcessMemory request was completed. (0x12B)
[0915/070829.375:WARNING:pe_image_reader.cc(340)] could not read dos header from C:\Program Files (x86)\Google\Chrome\Application\85.0.4183.102\chrome_elf.dll
[0915/070829.375:ERROR:process_memory_win.cc(73)] ReadMemory at 0x7fff2ba70000 of 64 bytes failed: Only part of a ReadProcessMemory or WriteProcessMemory request was completed. (0x12B)
[0915/070829.375:WARNING:pe_image_reader.cc(340)] could not read dos header from C:\WINDOWS\SYSTEM32\VERSION.dll
[0915/070829.375:ERROR:process_memory_win.cc(73)] ReadMemory at 0x7fff34b00000 of 64 bytes failed: Only part of a ReadProcessMemory or WriteProcessMemory request was completed. (0x12B)
[0915/070829.375:WARNING:pe_image_reader.cc(340)] could not read dos header from C:\WINDOWS\System32\msvcrt.dll
[0915/070829.375:ERROR:process_memory_win.cc(73)] ReadMemory at 0x7fff344e0000 of 64 bytes failed: Only part of a ReadProcessMemory or WriteProcessMemory request was completed. (0x12B)
[0915/070829.375:WARNING:pe_image_reader.cc(340)] could not read dos header from C:\WINDOWS\System32\ADVAPI32.dll
[0915/070829.375:ERROR:process_memory_win.cc(73)] ReadMemory at 0x7fff349b0000 of 64 bytes failed: Only part of a ReadProcessMemory or WriteProcessMemory request was completed. (0x12B)
[0915/070829.375:WARNING:pe_image_reader.cc(340)] could not read dos header from C:\WINDOWS\System32\sechost.dll
[0915/070829.375:ERROR:process_memory_win.cc(73)] ReadMemory at 0x7fff34790000 of 64 bytes failed: Only part of a ReadProcessMemory or WriteProcessMemory request was completed. (0x12B)
[0915/070829.376:WARNING:pe_image_reader.cc(340)] could not read dos header from C:\WINDOWS\System32\RPCRT4.dll
[0915/070829.376:ERROR:process_memory_win.cc(73)] ReadMemory at 0x7ffed1260000 of 64 bytes failed: Only part of a ReadProcessMemory or WriteProcessMemory request was completed. (0x12B)
[0915/070829.376:WARNING:pe_image_reader.cc(340)] could not read dos header from C:\Program Files (x86)\Google\Chrome\Application\85.0.4183.102\chrome.dll
[0915/070829.376:ERROR:process_memory_win.cc(73)] ReadMemory at 0x7fff34290000 of 64 bytes failed: Only part of a ReadProcessMemory or WriteProcessMemory request was completed. (0x12B)
[0915/070829.376:WARNING:pe_image_reader.cc(340)] could not read dos header from C:\WINDOWS\System32\WS2_32.dll
[0915/070829.376:ERROR:process_memory_win.cc(73)] ReadMemory at 0x7fff32e90000 of 64 bytes failed: Only part of a ReadProcessMemory or WriteProcessMemory request was completed. (0x12B)
[0915/070829.376:WARNING:pe_image_reader.cc(340)] could not read dos header from C:\WINDOWS\System32\OLEAUT32.dll
[0915/070829.376:ERROR:process_memory_win.cc(73)] ReadMemory at 0x7fff326d0000 of 64 bytes failed: Only part of a ReadProcessMemory or WriteProcessMemory request was completed. (0x12B)
[0915/070829.376:WARNING:pe_image_reader.cc(340)] could not read dos header from C:\WINDOWS\System32\msvcp_win.dll
[0915/070829.376:ERROR:process_memory_win.cc(73)] ReadMemory at 0x7fff32d10000 of 64 bytes failed: Only part of a ReadProcessMemory or WriteProcessMemory request was completed. (0x12B)
[0915/070829.377:WARNING:pe_image_reader.cc(340)] could not read dos header from C:\WINDOWS\System32\ucrtbase.dll
[0915/070829.377:ERROR:process_memory_win.cc(73)] ReadMemory at 0x7fff33cf0000 of 64 bytes failed: Only part of a ReadProcessMemory or WriteProcessMemory request was completed. (0x12B)
[0915/070829.377:WARNING:pe_image_reader.cc(340)] could not read dos header from C:\WINDOWS\System32\combase.dll
[0915/070829.377:ERROR:process_memory_win.cc(73)] ReadMemory at 0x7fff328d0000 of 64 bytes failed: Only part of a ReadProcessMemory or WriteProcessMemory request was completed. (0x12B)
[0915/070829.377:WARNING:pe_image_reader.cc(340)] could not read dos header from C:\WINDOWS\System32\WINTRUST.dll
[0915/070829.377:ERROR:process_memory_win.cc(73)] ReadMemory at 0x7fff324f0000 of 64 bytes failed: Only part of a ReadProcessMemory or WriteProcessMemory request was completed. (0x12B)
[0915/070829.377:WARNING:pe_image_reader.cc(340)] could not read dos header from C:\WINDOWS\System32\CRYPT32.dll
[0915/070829.377:ERROR:process_memory_win.cc(73)] ReadMemory at 0x7fff31900000 of 64 bytes failed: Only part of a ReadProcessMemory or WriteProcessMemory request was completed. (0x12B)
[0915/070829.377:WARNING:pe_image_reader.cc(340)] could not read dos header from C:\WINDOWS\SYSTEM32\IPHLPAPI.DLL
[0915/070829.377:ERROR:process_memory_win.cc(73)] ReadMemory at 0x7fff281a0000 of 64 bytes failed: Only part of a ReadProcessMemory or WriteProcessMemory request was completed. (0x12B)
[0915/070829.377:WARNING:pe_image_reader.cc(340)] could not read dos header from C:\WINDOWS\SYSTEM32\WINMM.dll
[0915/070829.377:ERROR:process_memory_win.cc(73)] ReadMemory at 0x7ffefaad0000 of 64 bytes failed: Only part of a ReadProcessMemory or WriteProcessMemory request was completed. (0x12B)
[0915/070829.377:WARNING:pe_image_reader.cc(340)] could not read dos header from C:\WINDOWS\SYSTEM32\UIAutomationCore.DLL
[0915/070829.378:ERROR:process_memory_win.cc(73)] ReadMemory at 0x7fff266c0000 of 64 bytes failed: Only part of a ReadProcessMemory or WriteProcessMemory request was completed. (0x12B)
[0915/070829.378:WARNING:pe_image_reader.cc(340)] could not read dos header from C:\WINDOWS\SYSTEM32\Secur32.dll
[0915/070829.378:ERROR:process_memory_win.cc(73)] ReadMemory at 0x7fff323e0000 of 64 bytes failed: Only part of a ReadProcessMemory or WriteProcessMemory request was completed. (0x12B)
[0915/070829.378:WARNING:pe_image_reader.cc(340)] could not read dos header from C:\WINDOWS\SYSTEM32\USERENV.dll
[0915/070829.378:ERROR:process_memory_win.cc(73)] ReadMemory at 0x7fff29b80000 of 64 bytes failed: Only part of a ReadProcessMemory or WriteProcessMemory request was completed. (0x12B)
[0915/070829.378:WARNING:pe_image_reader.cc(340)] could not read dos header from C:\WINDOWS\SYSTEM32\DWrite.dll
[0915/070829.378:ERROR:process_memory_win.cc(73)] ReadMemory at 0x7fff0c790000 of 64 bytes failed: Only part of a ReadProcessMemory or WriteProcessMemory request was completed. (0x12B)
[0915/070829.378:WARNING:pe_image_reader.cc(340)] could not read dos header from C:\WINDOWS\SYSTEM32\WINSPOOL.DRV
[0915/070829.378:ERROR:process_memory_win.cc(73)] ReadMemory at 0x7fff2ad90000 of 64 bytes failed: Only part of a ReadProcessMemory or WriteProcessMemory request was completed. (0x12B)
[0915/070829.378:WARNING:pe_image_reader.cc(340)] could not read dos header from C:\WINDOWS\SYSTEM32\dbghelp.dll
[0915/070829.378:ERROR:process_memory_win.cc(73)] ReadMemory at 0x7fff2ab80000 of 64 bytes failed: Only part of a ReadProcessMemory or WriteProcessMemory request was completed. (0x12B)
[0915/070829.378:WARNING:pe_image_reader.cc(340)] could not read dos header from C:\WINDOWS\SYSTEM32\WINHTTP.dll
[0915/070829.378:ERROR:process_memory_win.cc(73)] ReadMemory at 0x7fff2af80000 of 64 bytes failed: Only part of a ReadProcessMemory or WriteProcessMemory request was completed. (0x12B)
[0915/070829.379:WARNING:pe_image_reader.cc(340)] could not read dos header from C:\WINDOWS\SYSTEM32\dhcpcsvc.DLL
[0915/070829.379:ERROR:process_memory_win.cc(73)] ReadMemory at 0x7fff2ea70000 of 64 bytes failed: Only part of a ReadProcessMemory or WriteProcessMemory request was completed. (0x12B)
[0915/070829.379:WARNING:pe_image_reader.cc(340)] could not read dos header from C:\WINDOWS\SYSTEM32\PROPSYS.dll
[0915/070829.379:ERROR:process_memory_win.cc(73)] ReadMemory at 0x7fff32350000 of 64 bytes failed: Only part of a ReadProcessMemory or WriteProcessMemory request was completed. (0x12B)
[0915/070829.379:WARNING:pe_image_reader.cc(340)] could not read dos header from C:\WINDOWS\SYSTEM32\SSPICLI.DLL
[0915/070829.380:ERROR:process_memory_win.cc(73)] ReadMemory at 0x7fff32010000 of 64 bytes failed: Only part of a ReadProcessMemory or WriteProcessMemory request was completed. (0x12B)
[0915/070829.380:WARNING:pe_image_reader.cc(340)] could not read dos header from C:\WINDOWS\System32\MSASN1.dll
[0915/070829.380:ERROR:process_memory_win.cc(73)] ReadMemory at 0x7fff32770000 of 64 bytes failed: Only part of a ReadProcessMemory or WriteProcessMemory request was completed. (0x12B)
[0915/070829.380:WARNING:pe_image_reader.cc(340)] could not read dos header from C:\WINDOWS\System32\bcryptPrimitives.dll
[0915/070829.380:ERROR:process_memory_win.cc(73)] ReadMemory at 0x7fff335a0000 of 64 bytes failed: Only part of a ReadProcessMemory or WriteProcessMemory request was completed. (0x12B)
[0915/070829.380:WARNING:pe_image_reader.cc(340)] could not read dos header from C:\WINDOWS\System32\SHELL32.dll
[0915/070829.381:ERROR:process_memory_win.cc(73)] ReadMemory at 0x7fff345f0000 of 64 bytes failed: Only part of a ReadProcessMemory or WriteProcessMemory request was completed. (0x12B)
[0915/070829.381:WARNING:pe_image_reader.cc(340)] could not read dos header from C:\WINDOWS\System32\USER32.dll
[0915/070829.381:ERROR:process_memory_win.cc(73)] ReadMemory at 0x7fff326a0000 of 64 bytes failed: Only part of a ReadProcessMemory or WriteProcessMemory request was completed. (0x12B)
[0915/070829.381:WARNING:pe_image_reader.cc(340)] could not read dos header from C:\WINDOWS\System32\win32u.dll
[0915/070829.381:ERROR:process_memory_win.cc(73)] ReadMemory at 0x7fff34bc0000 of 64 bytes failed: Only part of a ReadProcessMemory or WriteProcessMemory request was completed. (0x12B)
[0915/070829.381:WARNING:pe_image_reader.cc(340)] could not read dos header from C:\WINDOWS\System32\GDI32.dll
[0915/070829.381:ERROR:process_memory_win.cc(73)] ReadMemory at 0x7fff32c00000 of 64 bytes failed: Only part of a ReadProcessMemory or WriteProcessMemory request was completed. (0x12B)
[0915/070829.381:WARNING:pe_image_reader.cc(340)] could not read dos header from C:\WINDOWS\System32\gdi32full.dll
[0915/070829.381:ERROR:process_memory_win.cc(73)] ReadMemory at 0x7fff34300000 of 64 bytes failed: Only part of a ReadProcessMemory or WriteProcessMemory request was completed. (0x12B)
[0915/070829.381:WARNING:pe_image_reader.cc(340)] could not read dos header from C:\WINDOWS\System32\IMM32.DLL
[0915/070829.382:ERROR:process_memory_win.cc(73)] ReadMemory at 0x7fff30630000 of 64 bytes failed: Only part of a ReadProcessMemory or WriteProcessMemory request was completed. (0x12B)
[0915/070829.382:WARNING:pe_image_reader.cc(340)] could not read dos header from C:\WINDOWS\SYSTEM32\windows.storage.dll
[0915/070829.382:ERROR:process_memory_win.cc(73)] ReadMemory at 0x7fff31e90000 of 64 bytes failed: Only part of a ReadProcessMemory or WriteProcessMemory request was completed. (0x12B)
[0915/070829.382:WARNING:pe_image_reader.cc(340)] could not read dos header from C:\WINDOWS\SYSTEM32\Wldp.dll
[0915/070829.382:ERROR:process_memory_win.cc(73)] ReadMemory at 0x7fff34a50000 of 64 bytes failed: Only part of a ReadProcessMemory or WriteProcessMemory request was completed. (0x12B)
[0915/070829.382:WARNING:pe_image_reader.cc(340)] could not read dos header from C:\WINDOWS\System32\SHCORE.dll
[0915/070829.382:ERROR:process_memory_win.cc(73)] ReadMemory at 0x1cc2b7a0000 of 64 bytes failed: Only part of a ReadProcessMemory or WriteProcessMemory request was completed. (0x12B)
[0915/070829.382:WARNING:pe_image_reader.cc(340)] could not read dos header from C:\WINDOWS\System32\shlwapi.dll
[0915/070829.382:ERROR:process_memory_win.cc(73)] ReadMemory at 0x7fff32420000 of 64 bytes failed: Only part of a ReadProcessMemory or WriteProcessMemory request was completed. (0x12B)
[0915/070829.382:WARNING:pe_image_reader.cc(340)] could not read dos header from C:\WINDOWS\SYSTEM32\profapi.dll
[0915/070829.382:ERROR:process_memory_win.cc(73)] ReadMemory at 0x7fff31de0000 of 64 bytes failed: Only part of a ReadProcessMemory or WriteProcessMemory request was completed. (0x12B)
[0915/070829.382:WARNING:pe_image_reader.cc(340)] could not read dos header from C:\WINDOWS\SYSTEM32\CRYPTBASE.DLL
[0915/070829.396:ERROR:process_memory_win.cc(73)] ReadMemory at 0x7ff6261f0000 of 64 bytes failed: Only part of a ReadProcessMemory or WriteProcessMemory request was completed. (0x12B)
[0915/070829.396:WARNING:pe_image_reader.cc(340)] could not read dos header from C:\Program Files (x86)\Google\Chrome\Application\chrome.exe
[0915/070829.396:ERROR:process_memory_win.cc(73)] ReadMemory at 0x7fff34db0000 of 64 bytes failed: Only part of a ReadProcessMemory or WriteProcessMemory request was completed. (0x12B)
[0915/070829.397:WARNING:pe_image_reader.cc(340)] could not read dos header from C:\WINDOWS\SYSTEM32\ntdll.dll
[0915/070829.397:ERROR:process_memory_win.cc(73)] ReadMemory at 0x7fff32fe0000 of 64 bytes failed: Only part of a ReadProcessMemory or WriteProcessMemory request was completed. (0x12B)
[0915/070829.397:WARNING:pe_image_reader.cc(340)] could not read dos header from C:\WINDOWS\System32\KERNEL32.DLL
[0915/070829.397:ERROR:process_memory_win.cc(73)] ReadMemory at 0x7fff32930000 of 64 bytes failed: Only part of a ReadProcessMemory or WriteProcessMemory request was completed. (0x12B)
[0915/070829.397:WARNING:pe_image_reader.cc(340)] could not read dos header from C:\WINDOWS\System32\KERNELBASE.dll
[0915/070829.397:ERROR:process_memory_win.cc(73)] ReadMemory at 0x7fff05710000 of 64 bytes failed: Only part of a ReadProcessMemory or WriteProcessMemory request was completed. (0x12B)
[0915/070829.397:WARNING:pe_image_reader.cc(340)] could not read dos header from C:\Program Files (x86)\Google\Chrome\Application\85.0.4183.102\chrome_elf.dll
[0915/070829.397:ERROR:process_memory_win.cc(73)] ReadMemory at 0x7fff2ba70000 of 64 bytes failed: Only part of a ReadProcessMemory or WriteProcessMemory request was completed. (0x12B)
[0915/070829.397:WARNING:pe_image_reader.cc(340)] could not read dos header from C:\WINDOWS\SYSTEM32\VERSION.dll
[0915/070829.397:ERROR:process_memory_win.cc(73)] ReadMemory at 0x7fff34b00000 of 64 bytes failed: Only part of a ReadProcessMemory or WriteProcessMemory request was completed. (0x12B)
[0915/070829.397:WARNING:pe_image_reader.cc(340)] could not read dos header from C:\WINDOWS\System32\msvcrt.dll
[0915/070829.397:ERROR:process_memory_win.cc(73)] ReadMemory at 0x7fff344e0000 of 64 bytes failed: Only part of a ReadProcessMemory or WriteProcessMemory request was completed. (0x12B)
[0915/070829.397:WARNING:pe_image_reader.cc(340)] could not read dos header from C:\WINDOWS\System32\ADVAPI32.dll
[0915/070829.397:ERROR:process_memory_win.cc(73)] ReadMemory at 0x7fff349b0000 of 64 bytes failed: Only part of a ReadProcessMemory or WriteProcessMemory request was completed. (0x12B)
[0915/070829.397:WARNING:pe_image_reader.cc(340)] could not read dos header from C:\WINDOWS\System32\sechost.dll
[0915/070829.397:ERROR:process_memory_win.cc(73)] ReadMemory at 0x7fff34790000 of 64 bytes failed: Only part of a ReadProcessMemory or WriteProcessMemory request was completed. (0x12B)
[0915/070829.398:WARNING:pe_image_reader.cc(340)] could not read dos header from C:\WINDOWS\System32\RPCRT4.dll
[0915/070829.398:ERROR:process_memory_win.cc(73)] ReadMemory at 0x7ffed1260000 of 64 bytes failed: Only part of a ReadProcessMemory or WriteProcessMemory request was completed. (0x12B)
[0915/070829.398:WARNING:pe_image_reader.cc(340)] could not read dos header from C:\Program Files (x86)\Google\Chrome\Application\85.0.4183.102\chrome.dll
[0915/070829.398:ERROR:process_memory_win.cc(73)] ReadMemory at 0x7fff34290000 of 64 bytes failed: Only part of a ReadProcessMemory or WriteProcessMemory request was completed. (0x12B)
[0915/070829.398:WARNING:pe_image_reader.cc(340)] could not read dos header from C:\WINDOWS\System32\WS2_32.dll
[0915/070829.398:ERROR:process_memory_win.cc(73)] ReadMemory at 0x7fff32e90000 of 64 bytes failed: Only part of a ReadProcessMemory or WriteProcessMemory request was completed. (0x12B)
[0915/070829.398:WARNING:pe_image_reader.cc(340)] could not read dos header from C:\WINDOWS\System32\OLEAUT32.dll
[0915/070829.398:ERROR:process_memory_win.cc(73)] ReadMemory at 0x7fff326d0000 of 64 bytes failed: Only part of a ReadProcessMemory or WriteProcessMemory request was completed. (0x12B)
[0915/070829.398:WARNING:pe_image_reader.cc(340)] could not read dos header from C:\WINDOWS\System32\msvcp_win.dll
[0915/070829.398:ERROR:process_memory_win.cc(73)] ReadMemory at 0x7fff32d10000 of 64 bytes failed: Only part of a ReadProcessMemory or WriteProcessMemory request was completed. (0x12B)
[0915/070829.398:WARNING:pe_image_reader.cc(340)] could not read dos header from C:\WINDOWS\System32\ucrtbase.dll
[0915/070829.398:ERROR:process_memory_win.cc(73)] ReadMemory at 0x7fff33cf0000 of 64 bytes failed: Only part of a ReadProcessMemory or WriteProcessMemory request was completed. (0x12B)
[0915/070829.398:WARNING:pe_image_reader.cc(340)] could not read dos header from C:\WINDOWS\System32\combase.dll
[0915/070829.398:ERROR:process_memory_win.cc(73)] ReadMemory at 0x7fff328d0000 of 64 bytes failed: Only part of a ReadProcessMemory or WriteProcessMemory request was completed. (0x12B)
[0915/070829.399:WARNING:pe_image_reader.cc(340)] could not read dos header from C:\WINDOWS\System32\WINTRUST.dll
[0915/070829.399:ERROR:process_memory_win.cc(73)] ReadMemory at 0x7fff324f0000 of 64 bytes failed: Only part of a ReadProcessMemory or WriteProcessMemory request was completed. (0x12B)
[0915/070829.399:WARNING:pe_image_reader.cc(340)] could not read dos header from C:\WINDOWS\System32\CRYPT32.dll
[0915/070829.399:ERROR:process_memory_win.cc(73)] ReadMemory at 0x7fff31900000 of 64 bytes failed: Only part of a ReadProcessMemory or WriteProcessMemory request was completed. (0x12B)
[0915/070829.399:WARNING:pe_image_reader.cc(340)] could not read dos header from C:\WINDOWS\SYSTEM32\IPHLPAPI.DLL
[0915/070829.399:ERROR:process_memory_win.cc(73)] ReadMemory at 0x7fff281a0000 of 64 bytes failed: Only part of a ReadProcessMemory or WriteProcessMemory request was completed. (0x12B)
[0915/070829.399:WARNING:pe_image_reader.cc(340)] could not read dos header from C:\WINDOWS\SYSTEM32\WINMM.dll
[0915/070829.399:ERROR:process_memory_win.cc(73)] ReadMemory at 0x7ffefaad0000 of 64 bytes failed: Only part of a ReadProcessMemory or WriteProcessMemory request was completed. (0x12B)
[0915/070829.399:WARNING:pe_image_reader.cc(340)] could not read dos header from C:\WINDOWS\SYSTEM32\UIAutomationCore.DLL
[0915/070829.399:ERROR:process_memory_win.cc(73)] ReadMemory at 0x7fff266c0000 of 64 bytes failed: Only part of a ReadProcessMemory or WriteProcessMemory request was completed. (0x12B)
[0915/070829.399:WARNING:pe_image_reader.cc(340)] could not read dos header from C:\WINDOWS\SYSTEM32\Secur32.dll
[0915/070829.399:ERROR:process_memory_win.cc(73)] ReadMemory at 0x7fff323e0000 of 64 bytes failed: Only part of a ReadProcessMemory or WriteProcessMemory request was completed. (0x12B)
[0915/070829.399:WARNING:pe_image_reader.cc(340)] could not read dos header from C:\WINDOWS\SYSTEM32\USERENV.dll
[0915/070829.399:ERROR:process_memory_win.cc(73)] ReadMemory at 0x7fff29b80000 of 64 bytes failed: Only part of a ReadProcessMemory or WriteProcessMemory request was completed. (0x12B)
[0915/070829.399:WARNING:pe_image_reader.cc(340)] could not read dos header from C:\WINDOWS\SYSTEM32\DWrite.dll
[0915/070829.400:ERROR:process_memory_win.cc(73)] ReadMemory at 0x7fff0c790000 of 64 bytes failed: Only part of a ReadProcessMemory or WriteProcessMemory request was completed. (0x12B)
[0915/070829.400:WARNING:pe_image_reader.cc(340)] could not read dos header from C:\WINDOWS\SYSTEM32\WINSPOOL.DRV
[0915/070829.400:ERROR:process_memory_win.cc(73)] ReadMemory at 0x7fff2ad90000 of 64 bytes failed: Only part of a ReadProcessMemory or WriteProcessMemory request was completed. (0x12B)
[0915/070829.400:WARNING:pe_image_reader.cc(340)] could not read dos header from C:\WINDOWS\SYSTEM32\dbghelp.dll
[0915/070829.400:ERROR:process_memory_win.cc(73)] ReadMemory at 0x7fff2ab80000 of 64 bytes failed: Only part of a ReadProcessMemory or WriteProcessMemory request was completed. (0x12B)
[0915/070829.400:WARNING:pe_image_reader.cc(340)] could not read dos header from C:\WINDOWS\SYSTEM32\WINHTTP.dll
[0915/070829.400:ERROR:process_memory_win.cc(73)] ReadMemory at 0x7fff2af80000 of 64 bytes failed: Only part of a ReadProcessMemory or WriteProcessMemory request was completed. (0x12B)
[0915/070829.400:WARNING:pe_image_reader.cc(340)] could not read dos header from C:\WINDOWS\SYSTEM32\dhcpcsvc.DLL
[0915/070829.400:ERROR:process_memory_win.cc(73)] ReadMemory at 0x7fff2ea70000 of 64 bytes failed: Only part of a ReadProcessMemory or WriteProcessMemory request was completed. (0x12B)
[0915/070829.400:WARNING:pe_image_reader.cc(340)] could not read dos header from C:\WINDOWS\SYSTEM32\PROPSYS.dll
[0915/070829.400:ERROR:process_memory_win.cc(73)] ReadMemory at 0x7fff32350000 of 64 bytes failed: Only part of a ReadProcessMemory or WriteProcessMemory request was completed. (0x12B)
[0915/070829.400:WARNING:pe_image_reader.cc(340)] could not read dos header from C:\WINDOWS\SYSTEM32\SSPICLI.DLL
[0915/070829.400:ERROR:process_memory_win.cc(73)] ReadMemory at 0x7fff32010000 of 64 bytes failed: Only part of a ReadProcessMemory or WriteProcessMemory request was completed. (0x12B)
[0915/070829.400:WARNING:pe_image_reader.cc(340)] could not read dos header from C:\WINDOWS\System32\MSASN1.dll
[0915/070829.400:ERROR:process_memory_win.cc(73)] ReadMemory at 0x7fff32770000 of 64 bytes failed: Only part of a ReadProcessMemory or WriteProcessMemory request was completed. (0x12B)
[0915/070829.400:WARNING:pe_image_reader.cc(340)] could not read dos header from C:\WINDOWS\System32\bcryptPrimitives.dll
[0915/070829.401:ERROR:process_memory_win.cc(73)] ReadMemory at 0x7fff335a0000 of 64 bytes failed: Only part of a ReadProcessMemory or WriteProcessMemory request was completed. (0x12B)
[0915/070829.401:WARNING:pe_image_reader.cc(340)] could not read dos header from C:\WINDOWS\System32\SHELL32.dll
[0915/070829.401:ERROR:process_memory_win.cc(73)] ReadMemory at 0x7fff345f0000 of 64 bytes failed: Only part of a ReadProcessMemory or WriteProcessMemory request was completed. (0x12B)
[0915/070829.401:WARNING:pe_image_reader.cc(340)] could not read dos header from C:\WINDOWS\System32\USER32.dll
[0915/070829.401:ERROR:process_memory_win.cc(73)] ReadMemory at 0x7fff326a0000 of 64 bytes failed: Only part of a ReadProcessMemory or WriteProcessMemory request was completed. (0x12B)
[0915/070829.401:WARNING:pe_image_reader.cc(340)] could not read dos header from C:\WINDOWS\System32\win32u.dll
[0915/070829.401:ERROR:process_memory_win.cc(73)] ReadMemory at 0x7fff34bc0000 of 64 bytes failed: Only part of a ReadProcessMemory or WriteProcessMemory request was completed. (0x12B)
[0915/070829.401:WARNING:pe_image_reader.cc(340)] could not read dos header from C:\WINDOWS\System32\GDI32.dll
[0915/070829.401:ERROR:process_memory_win.cc(73)] ReadMemory at 0x7fff32c00000 of 64 bytes failed: Only part of a ReadProcessMemory or WriteProcessMemory request was completed. (0x12B)
[0915/070829.401:WARNING:pe_image_reader.cc(340)] could not read dos header from C:\WINDOWS\System32\gdi32full.dll
[0915/070829.401:ERROR:process_memory_win.cc(73)] ReadMemory at 0x7fff34300000 of 64 bytes failed: Only part of a ReadProcessMemory or WriteProcessMemory request was completed. (0x12B)
[0915/070829.401:WARNING:pe_image_reader.cc(340)] could not read dos header from C:\WINDOWS\System32\IMM32.DLL
[0915/070829.401:ERROR:process_memory_win.cc(73)] ReadMemory at 0x7fff30630000 of 64 bytes failed: Only part of a ReadProcessMemory or WriteProcessMemory request was completed. (0x12B)
[0915/070829.401:WARNING:pe_image_reader.cc(340)] could not read dos header from C:\WINDOWS\SYSTEM32\windows.storage.dll
[0915/070829.401:ERROR:process_memory_win.cc(73)] ReadMemory at 0x7fff31e90000 of 64 bytes failed: Only part of a ReadProcessMemory or WriteProcessMemory request was completed. (0x12B)
[0915/070829.401:WARNING:pe_image_reader.cc(340)] could not read dos header from C:\WINDOWS\SYSTEM32\Wldp.dll
[0915/070829.401:ERROR:process_memory_win.cc(73)] ReadMemory at 0x7fff34a50000 of 64 bytes failed: Only part of a ReadProcessMemory or WriteProcessMemory request was completed. (0x12B)
[0915/070829.401:WARNING:pe_image_reader.cc(340)] could not read dos header from C:\WINDOWS\System32\SHCORE.dll
[0915/070829.401:ERROR:process_memory_win.cc(73)] ReadMemory at 0x1cc2b7a0000 of 64 bytes failed: Only part of a ReadProcessMemory or WriteProcessMemory request was completed. (0x12B)
[0915/070829.401:WARNING:pe_image_reader.cc(340)] could not read dos header from C:\WINDOWS\System32\shlwapi.dll
[0915/070829.402:ERROR:process_memory_win.cc(73)] ReadMemory at 0x7fff32420000 of 64 bytes failed: Only part of a ReadProcessMemory or WriteProcessMemory request was completed. (0x12B)
[0915/070829.402:WARNING:pe_image_reader.cc(340)] could not read dos header from C:\WINDOWS\SYSTEM32\profapi.dll
[0915/070829.402:ERROR:process_memory_win.cc(73)] ReadMemory at 0x7fff31de0000 of 64 bytes failed: Only part of a ReadProcessMemory or WriteProcessMemory request was completed. (0x12B)
[0915/070829.402:WARNING:pe_image_reader.cc(340)] could not read dos header from C:\WINDOWS\SYSTEM32\CRYPTBASE.DLL
[0915/070829.402:ERROR:process_memory_win.cc(73)] ReadMemory at 0x7ff6261f0000 of 64 bytes failed: Only part of a ReadProcessMemory or WriteProcessMemory request was completed. (0x12B)
[0915/070829.402:WARNING:pe_image_reader.cc(340)] could not read dos header from C:\Program Files (x86)\Google\Chrome\Application\chrome.exe
[0915/070829.402:ERROR:process_memory_win.cc(73)] ReadMemory at 0x7fff34db0000 of 64 bytes failed: Only part of a ReadProcessMemory or WriteProcessMemory request was completed. (0x12B)
[0915/070829.402:WARNING:pe_image_reader.cc(340)] could not read dos header from C:\WINDOWS\SYSTEM32\ntdll.dll
[0915/070829.402:ERROR:process_memory_win.cc(73)] ReadMemory at 0x7fff32fe0000 of 64 bytes failed: Only part of a ReadProcessMemory or WriteProcessMemory request was completed. (0x12B)
[0915/070829.402:WARNING:pe_image_reader.cc(340)] could not read dos header from C:\WINDOWS\System32\KERNEL32.DLL
[0915/070829.402:ERROR:process_memory_win.cc(73)] ReadMemory at 0x7fff32930000 of 64 bytes failed: Only part of a ReadProcessMemory or WriteProcessMemory request was completed. (0x12B)
[0915/070829.402:WARNING:pe_image_reader.cc(340)] could not read dos header from C:\WINDOWS\System32\KERNELBASE.dll
[0915/070829.402:ERROR:process_memory_win.cc(73)] ReadMemory at 0x7fff05710000 of 64 bytes failed: Only part of a ReadProcessMemory or WriteProcessMemory request was completed. (0x12B)
[0915/070829.402:WARNING:pe_image_reader.cc(340)] could not read dos header from C:\Program Files (x86)\Google\Chrome\Application\85.0.4183.102\chrome_elf.dll
[0915/070829.402:ERROR:process_memory_win.cc(73)] ReadMemory at 0x7fff2ba70000 of 64 bytes failed: Only part of a ReadProcessMemory or WriteProcessMemory request was completed. (0x12B)
[0915/070829.402:WARNING:pe_image_reader.cc(340)] could not read dos header from C:\WINDOWS\SYSTEM32\VERSION.dll
[0915/070829.402:ERROR:process_memory_win.cc(73)] ReadMemory at 0x7fff34b00000 of 64 bytes failed: Only part of a ReadProcessMemory or WriteProcessMemory request was completed. (0x12B)
[0915/070829.402:WARNING:pe_image_reader.cc(340)] could not read dos header from C:\WINDOWS\System32\msvcrt.dll
[0915/070829.403:ERROR:process_memory_win.cc(73)] ReadMemory at 0x7fff344e0000 of 64 bytes failed: Only part of a ReadProcessMemory or WriteProcessMemory request was completed. (0x12B)
[0915/070829.403:WARNING:pe_image_reader.cc(340)] could not read dos header from C:\WINDOWS\System32\ADVAPI32.dll
[0915/070829.403:ERROR:process_memory_win.cc(73)] ReadMemory at 0x7fff349b0000 of 64 bytes failed: Only part of a ReadProcessMemory or WriteProcessMemory request was completed. (0x12B)
[0915/070829.403:WARNING:pe_image_reader.cc(340)] could not read dos header from C:\WINDOWS\System32\sechost.dll
[0915/070829.403:ERROR:process_memory_win.cc(73)] ReadMemory at 0x7fff34790000 of 64 bytes failed: Only part of a ReadProcessMemory or WriteProcessMemory request was completed. (0x12B)
[0915/070829.403:WARNING:pe_image_reader.cc(340)] could not read dos header from C:\WINDOWS\System32\RPCRT4.dll
[0915/070829.403:ERROR:process_memory_win.cc(73)] ReadMemory at 0x7ffed1260000 of 64 bytes failed: Only part of a ReadProcessMemory or WriteProcessMemory request was completed. (0x12B)
[0915/070829.403:WARNING:pe_image_reader.cc(340)] could not read dos header from C:\Program Files (x86)\Google\Chrome\Application\85.0.4183.102\chrome.dll
[0915/070829.403:ERROR:process_memory_win.cc(73)] ReadMemory at 0x7fff34290000 of 64 bytes failed: Only part of a ReadProcessMemory or WriteProcessMemory request was completed. (0x12B)
[0915/070829.403:WARNING:pe_image_reader.cc(340)] could not read dos header from C:\WINDOWS\System32\WS2_32.dll
[0915/070829.403:ERROR:process_memory_win.cc(73)] ReadMemory at 0x7fff32e90000 of 64 bytes failed: Only part of a ReadProcessMemory or WriteProcessMemory request was completed. (0x12B)
[0915/070829.403:WARNING:pe_image_reader.cc(340)] could not read dos header from C:\WINDOWS\System32\OLEAUT32.dll
[0915/070829.403:ERROR:process_memory_win.cc(73)] ReadMemory at 0x7fff326d0000 of 64 bytes failed: Only part of a ReadProcessMemory or WriteProcessMemory request was completed. (0x12B)
[0915/070829.403:WARNING:pe_image_reader.cc(340)] could not read dos header from C:\WINDOWS\System32\msvcp_win.dll
[0915/070829.403:ERROR:process_memory_win.cc(73)] ReadMemory at 0x7fff32d10000 of 64 bytes failed: Only part of a ReadProcessMemory or WriteProcessMemory request was completed. (0x12B)
[0915/070829.403:WARNING:pe_image_reader.cc(340)] could not read dos header from C:\WINDOWS\System32\ucrtbase.dll
[0915/070829.403:ERROR:process_memory_win.cc(73)] ReadMemory at 0x7fff33cf0000 of 64 bytes failed: Only part of a ReadProcessMemory or WriteProcessMemory request was completed. (0x12B)
[0915/070829.403:WARNING:pe_image_reader.cc(340)] could not read dos header from C:\WINDOWS\System32\combase.dll
[0915/070829.404:ERROR:process_memory_win.cc(73)] ReadMemory at 0x7fff328d0000 of 64 bytes failed: Only part of a ReadProcessMemory or WriteProcessMemory request was completed. (0x12B)
[0915/070829.404:WARNING:pe_image_reader.cc(340)] could not read dos header from C:\WINDOWS\System32\WINTRUST.dll
[0915/070829.404:ERROR:process_memory_win.cc(73)] ReadMemory at 0x7fff324f0000 of 64 bytes failed: Only part of a ReadProcessMemory or WriteProcessMemory request was completed. (0x12B)
[0915/070829.404:WARNING:pe_image_reader.cc(340)] could not read dos header from C:\WINDOWS\System32\CRYPT32.dll
[0915/070829.404:ERROR:process_memory_win.cc(73)] ReadMemory at 0x7fff31900000 of 64 bytes failed: Only part of a ReadProcessMemory or WriteProcessMemory request was completed. (0x12B)
[0915/070829.404:WARNING:pe_image_reader.cc(340)] could not read dos header from C:\WINDOWS\SYSTEM32\IPHLPAPI.DLL
[0915/070829.404:ERROR:process_memory_win.cc(73)] ReadMemory at 0x7fff281a0000 of 64 bytes failed: Only part of a ReadProcessMemory or WriteProcessMemory request was completed. (0x12B)
[0915/070829.404:WARNING:pe_image_reader.cc(340)] could not read dos header from C:\WINDOWS\SYSTEM32\WINMM.dll
[0915/070829.404:ERROR:process_memory_win.cc(73)] ReadMemory at 0x7ffefaad0000 of 64 bytes failed: Only part of a ReadProcessMemory or WriteProcessMemory request was completed. (0x12B)
[0915/070829.404:WARNING:pe_image_reader.cc(340)] could not read dos header from C:\WINDOWS\SYSTEM32\UIAutomationCore.DLL
[0915/070829.404:ERROR:process_memory_win.cc(73)] ReadMemory at 0x7fff266c0000 of 64 bytes failed: Only part of a ReadProcessMemory or WriteProcessMemory request was completed. (0x12B)
[0915/070829.404:WARNING:pe_image_reader.cc(340)] could not read dos header from C:\WINDOWS\SYSTEM32\Secur32.dll
[0915/070829.404:ERROR:process_memory_win.cc(73)] ReadMemory at 0x7fff323e0000 of 64 bytes failed: Only part of a ReadProcessMemory or WriteProcessMemory request was completed. (0x12B)
[0915/070829.404:WARNING:pe_image_reader.cc(340)] could not read dos header from C:\WINDOWS\SYSTEM32\USERENV.dll
[0915/070829.404:ERROR:process_memory_win.cc(73)] ReadMemory at 0x7fff29b80000 of 64 bytes failed: Only part of a ReadProcessMemory or WriteProcessMemory request was completed. (0x12B)
[0915/070829.404:WARNING:pe_image_reader.cc(340)] could not read dos header from C:\WINDOWS\SYSTEM32\DWrite.dll
[0915/070829.404:ERROR:process_memory_win.cc(73)] ReadMemory at 0x7fff0c790000 of 64 bytes failed: Only part of a ReadProcessMemory or WriteProcessMemory request was completed. (0x12B)
[0915/070829.404:WARNING:pe_image_reader.cc(340)] could not read dos header from C:\WINDOWS\SYSTEM32\WINSPOOL.DRV
[0915/070829.404:ERROR:process_memory_win.cc(73)] ReadMemory at 0x7fff2ad90000 of 64 bytes failed: Only part of a ReadProcessMemory or WriteProcessMemory request was completed. (0x12B)
[0915/070829.404:WARNING:pe_image_reader.cc(340)] could not read dos header from C:\WINDOWS\SYSTEM32\dbghelp.dll
[0915/070829.404:ERROR:process_memory_win.cc(73)] ReadMemory at 0x7fff2ab80000 of 64 bytes failed: Only part of a ReadProcessMemory or WriteProcessMemory request was completed. (0x12B)
[0915/070829.404:WARNING:pe_image_reader.cc(340)] could not read dos header from C:\WINDOWS\SYSTEM32\WINHTTP.dll
[0915/070829.405:ERROR:process_memory_win.cc(73)] ReadMemory at 0x7fff2af80000 of 64 bytes failed: Only part of a ReadProcessMemory or WriteProcessMemory request was completed. (0x12B)
[0915/070829.405:WARNING:pe_image_reader.cc(340)] could not read dos header from C:\WINDOWS\SYSTEM32\dhcpcsvc.DLL
[0915/070829.405:ERROR:process_memory_win.cc(73)] ReadMemory at 0x7fff2ea70000 of 64 bytes failed: Only part of a ReadProcessMemory or WriteProcessMemory request was completed. (0x12B)
[0915/070829.405:WARNING:pe_image_reader.cc(340)] could not read dos header from C:\WINDOWS\SYSTEM32\PROPSYS.dll
[0915/070829.405:ERROR:process_memory_win.cc(73)] ReadMemory at 0x7fff32350000 of 64 bytes failed: Only part of a ReadProcessMemory or WriteProcessMemory request was completed. (0x12B)
[0915/070829.405:WARNING:pe_image_reader.cc(340)] could not read dos header from C:\WINDOWS\SYSTEM32\SSPICLI.DLL
[0915/070829.405:ERROR:process_memory_win.cc(73)] ReadMemory at 0x7fff32010000 of 64 bytes failed: Only part of a ReadProcessMemory or WriteProcessMemory request was completed. (0x12B)
[0915/070829.405:WARNING:pe_image_reader.cc(340)] could not read dos header from C:\WINDOWS\System32\MSASN1.dll
[0915/070829.405:ERROR:process_memory_win.cc(73)] ReadMemory at 0x7fff32770000 of 64 bytes failed: Only part of a ReadProcessMemory or WriteProcessMemory request was completed. (0x12B)
[0915/070829.405:WARNING:pe_image_reader.cc(340)] could not read dos header from C:\WINDOWS\System32\bcryptPrimitives.dll
[0915/070829.405:ERROR:process_memory_win.cc(73)] ReadMemory at 0x7fff335a0000 of 64 bytes failed: Only part of a ReadProcessMemory or WriteProcessMemory request was completed. (0x12B)
[0915/070829.405:WARNING:pe_image_reader.cc(340)] could not read dos header from C:\WINDOWS\System32\SHELL32.dll
[0915/070829.405:ERROR:process_memory_win.cc(73)] ReadMemory at 0x7fff345f0000 of 64 bytes failed: Only part of a ReadProcessMemory or WriteProcessMemory request was completed. (0x12B)
[0915/070829.405:WARNING:pe_image_reader.cc(340)] could not read dos header from C:\WINDOWS\System32\USER32.dll
[0915/070829.405:ERROR:process_memory_win.cc(73)] ReadMemory at 0x7fff326a0000 of 64 bytes failed: Only part of a ReadProcessMemory or WriteProcessMemory request was completed. (0x12B)
[0915/070829.405:WARNING:pe_image_reader.cc(340)] could not read dos header from C:\WINDOWS\System32\win32u.dll
[0915/070829.405:ERROR:process_memory_win.cc(73)] ReadMemory at 0x7fff34bc0000 of 64 bytes failed: Only part of a ReadProcessMemory or WriteProcessMemory request was completed. (0x12B)
[0915/070829.405:WARNING:pe_image_reader.cc(340)] could not read dos header from C:\WINDOWS\System32\GDI32.dll
[0915/070829.405:ERROR:process_memory_win.cc(73)] ReadMemory at 0x7fff32c00000 of 64 bytes failed: Only part of a ReadProcessMemory or WriteProcessMemory request was completed. (0x12B)
[0915/070829.405:WARNING:pe_image_reader.cc(340)] could not read dos header from C:\WINDOWS\System32\gdi32full.dll
[0915/070829.405:ERROR:process_memory_win.cc(73)] ReadMemory at 0x7fff34300000 of 64 bytes failed: Only part of a ReadProcessMemory or WriteProcessMemory request was completed. (0x12B)
[0915/070829.405:WARNING:pe_image_reader.cc(340)] could not read dos header from C:\WINDOWS\System32\IMM32.DLL
[0915/070829.406:ERROR:process_memory_win.cc(73)] ReadMemory at 0x7fff30630000 of 64 bytes failed: Only part of a ReadProcessMemory or WriteProcessMemory request was completed. (0x12B)
[0915/070829.406:WARNING:pe_image_reader.cc(340)] could not read dos header from C:\WINDOWS\SYSTEM32\windows.storage.dll
[0915/070829.406:ERROR:process_memory_win.cc(73)] ReadMemory at 0x7fff31e90000 of 64 bytes failed: Only part of a ReadProcessMemory or WriteProcessMemory request was completed. (0x12B)
[0915/070829.406:WARNING:pe_image_reader.cc(340)] could not read dos header from C:\WINDOWS\SYSTEM32\Wldp.dll
[0915/070829.406:ERROR:process_memory_win.cc(73)] ReadMemory at 0x7fff34a50000 of 64 bytes failed: Only part of a ReadProcessMemory or WriteProcessMemory request was completed. (0x12B)
[0915/070829.406:WARNING:pe_image_reader.cc(340)] could not read dos header from C:\WINDOWS\System32\SHCORE.dll
[0915/070829.406:ERROR:process_memory_win.cc(73)] ReadMemory at 0x1cc2b7a0000 of 64 bytes failed: Only part of a ReadProcessMemory or WriteProcessMemory request was completed. (0x12B)
[0915/070829.406:WARNING:pe_image_reader.cc(340)] could not read dos header from C:\WINDOWS\System32\shlwapi.dll
[0915/070829.406:ERROR:process_memory_win.cc(73)] ReadMemory at 0x7fff32420000 of 64 bytes failed: Only part of a ReadProcessMemory or WriteProcessMemory request was completed. (0x12B)
[0915/070829.406:WARNING:pe_image_reader.cc(340)] could not read dos header from C:\WINDOWS\SYSTEM32\profapi.dll
[0915/070829.406:ERROR:process_memory_win.cc(73)] ReadMemory at 0x7fff31de0000 of 64 bytes failed: Only part of a ReadProcessMemory or WriteProcessMemory request was completed. (0x12B)
[0915/070829.406:WARNING:pe_image_reader.cc(340)] could not read dos header from C:\WINDOWS\SYSTEM32\CRYPTBASE.DLL
[0915/070829.435:ERROR:process_memory_win.cc(73)] ReadMemory at 0x74403ee000 of 73728 bytes failed: Only part of a ReadProcessMemory or WriteProcessMemory request was completed. (0x12B)
[0915/070829.437:ERROR:process_memory_win.cc(73)] ReadMemory at 0x7440bfd000 of 12288 bytes failed: Only part of a ReadProcessMemory or WriteProcessMemory request was completed. (0x12B)
[0915/070829.437:ERROR:process_memory_win.cc(73)] ReadMemory at 0x74413f9000 of 28672 bytes failed: Only part of a ReadProcessMemory or WriteProcessMemory request was completed. (0x12B)
[0915/070829.437:ERROR:process_memory_win.cc(73)] ReadMemory at 0x7441bfd000 of 12288 bytes failed: Only part of a ReadProcessMemory or WriteProcessMemory request was completed. (0x12B)
[0915/070829.437:ERROR:process_memory_win.cc(73)] ReadMemory at 0x74423fc000 of 16384 bytes failed: Only part of a ReadProcessMemory or WriteProcessMemory request was completed. (0x12B)
[0915/070829.437:ERROR:process_memory_win.cc(73)] ReadMemory at 0x7442bfe000 of 8192 bytes failed: Only part of a ReadProcessMemory or WriteProcessMemory request was completed. (0x12B)
[0915/070829.437:ERROR:process_memory_win.cc(73)] ReadMemory at 0x74433fd000 of 12288 bytes failed: Only part of a ReadProcessMemory or WriteProcessMemory request was completed. (0x12B)
[0915/070829.438:ERROR:process_memory_win.cc(73)] ReadMemory at 0x7443bfc000 of 16384 bytes failed: Only part of a ReadProcessMemory or WriteProcessMemory request was completed. (0x12B)
[0915/070829.438:ERROR:process_memory_win.cc(73)] ReadMemory at 0x7444bfd000 of 12288 bytes failed: Only part of a ReadProcessMemory or WriteProcessMemory request was completed. (0x12B)
[0915/070829.438:ERROR:process_memory_win.cc(73)] ReadMemory at 0x74443fd000 of 12288 bytes failed: Only part of a ReadProcessMemory or WriteProcessMemory request was completed. (0x12B)
[0915/070829.438:ERROR:process_memory_win.cc(73)] ReadMemory at 0x74453fd000 of 12288 bytes failed: Only part of a ReadProcessMemory or WriteProcessMemory request was completed. (0x12B)
[0915/070829.438:ERROR:process_memory_win.cc(73)] ReadMemory at 0x7445bfd000 of 12288 bytes failed: Only part of a ReadProcessMemory or WriteProcessMemory request was completed. (0x12B)
[0915/070829.438:ERROR:process_memory_win.cc(73)] ReadMemory at 0x74463fd000 of 12288 bytes failed: Only part of a ReadProcessMemory or WriteProcessMemory request was completed. (0x12B)
[0915/070829.438:ERROR:process_memory_win.cc(73)] ReadMemory at 0x7446bfd000 of 12288 bytes failed: Only part of a ReadProcessMemory or WriteProcessMemory request was completed. (0x12B)
[0915/070829.439:ERROR:process_memory_win.cc(73)] ReadMemory at 0x74473fd000 of 12288 bytes failed: Only part of a ReadProcessMemory or WriteProcessMemory request was completed. (0x12B)
[0915/070829.439:ERROR:process_memory_win.cc(73)] ReadMemory at 0x7447bf9000 of 28672 bytes failed: Only part of a ReadProcessMemory or WriteProcessMemory request was completed. (0x12B)
[0915/070829.439:ERROR:process_memory_win.cc(73)] ReadMemory at 0x74483fd000 of 12288 bytes failed: Only part of a ReadProcessMemory or WriteProcessMemory request was completed. (0x12B)
[0915/070829.439:ERROR:process_memory_win.cc(73)] ReadMemory at 0x743fbbb000 of 852 bytes failed: Only part of a ReadProcessMemory or WriteProcessMemory request was completed. (0x12B)
[0915/070829.439:ERROR:process_memory_win.cc(73)] ReadMemory at 0x743fbbc000 of 6024 bytes failed: Only part of a ReadProcessMemory or WriteProcessMemory request was completed. (0x12B)
[0915/070829.439:ERROR:process_memory_win.cc(73)] ReadMemory at 0x743fbbe000 of 6024 bytes failed: Only part of a ReadProcessMemory or WriteProcessMemory request was completed. (0x12B)
[0915/070829.439:ERROR:process_memory_win.cc(73)] ReadMemory at 0x743fbc0000 of 6024 bytes failed: Only part of a ReadProcessMemory or WriteProcessMemory request was completed. (0x12B)
[0915/070829.439:ERROR:process_memory_win.cc(73)] ReadMemory at 0x743fbc2000 of 6024 bytes failed: Only part of a ReadProcessMemory or WriteProcessMemory request was completed. (0x12B)
[0915/070829.440:ERROR:process_memory_win.cc(73)] ReadMemory at 0x743fbc4000 of 6024 bytes failed: Only part of a ReadProcessMemory or WriteProcessMemory request was completed. (0x12B)
[0915/070829.440:ERROR:process_memory_win.cc(73)] ReadMemory at 0x743fbc6000 of 6024 bytes failed: Only part of a ReadProcessMemory or WriteProcessMemory request was completed. (0x12B)
[0915/070829.440:ERROR:process_memory_win.cc(73)] ReadMemory at 0x743fbc8000 of 6024 bytes failed: Only part of a ReadProcessMemory or WriteProcessMemory request was completed. (0x12B)
[0915/070829.440:ERROR:process_memory_win.cc(73)] ReadMemory at 0x743fbca000 of 6024 bytes failed: Only part of a ReadProcessMemory or WriteProcessMemory request was completed. (0x12B)
[0915/070829.440:ERROR:process_memory_win.cc(73)] ReadMemory at 0x743fbcc000 of 6024 bytes failed: Only part of a ReadProcessMemory or WriteProcessMemory request was completed. (0x12B)
[0915/070829.441:ERROR:process_memory_win.cc(73)] ReadMemory at 0x743fbce000 of 6024 bytes failed: Only part of a ReadProcessMemory or WriteProcessMemory request was completed. (0x12B)
[0915/070829.441:ERROR:process_memory_win.cc(73)] ReadMemory at 0x743fbd0000 of 6024 bytes failed: Only part of a ReadProcessMemory or WriteProcessMemory request was completed. (0x12B)
[0915/070829.441:ERROR:process_memory_win.cc(73)] ReadMemory at 0x743fbd2000 of 6024 bytes failed: Only part of a ReadProcessMemory or WriteProcessMemory request was completed. (0x12B)
[0915/070829.441:ERROR:process_memory_win.cc(73)] ReadMemory at 0x743fbd4000 of 6024 bytes failed: Only part of a ReadProcessMemory or WriteProcessMemory request was completed. (0x12B)
[0915/070829.441:ERROR:process_memory_win.cc(73)] ReadMemory at 0x743fbd6000 of 6024 bytes failed: Only part of a ReadProcessMemory or WriteProcessMemory request was completed. (0x12B)
[0915/070829.441:ERROR:process_memory_win.cc(73)] ReadMemory at 0x743fbd8000 of 6024 bytes failed: Only part of a ReadProcessMemory or WriteProcessMemory request was completed. (0x12B)
[0915/070829.441:ERROR:process_memory_win.cc(73)] ReadMemory at 0x743fbda000 of 6024 bytes failed: Only part of a ReadProcessMemory or WriteProcessMemory request was completed. (0x12B)
[0915/070829.441:ERROR:process_memory_win.cc(73)] ReadMemory at 0x743fbdc000 of 6024 bytes failed: Only part of a ReadProcessMemory or WriteProcessMemory request was completed. (0x12B)
[0915/070829.442:ERROR:process_memory_win.cc(73)] ReadMemory at 0x1cc29c80fe0 of 7688 bytes failed: Only part of a ReadProcessMemory or WriteProcessMemory request was completed. (0x12B)
[0915/070829.442:ERROR:process_memory_win.cc(73)] ReadMemory at 0x1cc29c82df0 of 1012 bytes failed: Only part of a ReadProcessMemory or WriteProcessMemory request was completed. (0x12B)
[0915/070829.442:ERROR:process_memory_win.cc(73)] ReadMemory at 0x1cc29c83438 of 98 bytes failed: Only part of a ReadProcessMemory or WriteProcessMemory request was completed. (0x12B)
[0915/070829.442:ERROR:process_memory_win.cc(73)] ReadMemory at 0x1cc29c8349c of 118 bytes failed: Only part of a ReadProcessMemory or WriteProcessMemory request was completed. (0x12B)
[0915/070829.442:ERROR:process_memory_win.cc(73)] ReadMemory at 0x1cc29c83514 of 1184 bytes failed: Only part of a ReadProcessMemory or WriteProcessMemory request was completed. (0x12B)
[0915/070829.442:ERROR:process_memory_win.cc(73)] ReadMemory at 0x1cc29c839b6 of 118 bytes failed: Only part of a ReadProcessMemory or WriteProcessMemory request was completed. (0x12B)
[0915/070829.442:ERROR:process_memory_win.cc(73)] ReadMemory at 0x1cc29c83a2e of 100 bytes failed: Only part of a ReadProcessMemory or WriteProcessMemory request was completed. (0x12B)
[0915/070829.442:ERROR:process_memory_win.cc(73)] ReadMemory at 0x1cc29c83aa0 of 58 bytes failed: Only part of a ReadProcessMemory or WriteProcessMemory request was completed. (0x12B)
[0915/070829.442:ERROR:process_memory_win.cc(73)] ReadMemory at 0x1cc29c83c10 of 132 bytes failed: Only part of a ReadProcessMemory or WriteProcessMemory request was completed. (0x12B)
[0915/070829.443:ERROR:process_memory_win.cc(73)] ReadMemory at 0x1cc29c83da0 of 132 bytes failed: Only part of a ReadProcessMemory or WriteProcessMemory request was completed. (0x12B)
[0915/070829.443:ERROR:process_memory_win.cc(73)] ReadMemory at 0x1cc29c83f60 of 126 bytes failed: Only part of a ReadProcessMemory or WriteProcessMemory request was completed. (0x12B)
[0915/070829.443:ERROR:process_memory_win.cc(73)] ReadMemory at 0x1cc29c84340 of 132 bytes failed: Only part of a ReadProcessMemory or WriteProcessMemory request was completed. (0x12B)
[0915/070829.443:ERROR:process_memory_win.cc(73)] ReadMemory at 0x1cc29c844d0 of 64 bytes failed: Only part of a ReadProcessMemory or WriteProcessMemory request was completed. (0x12B)
[0915/070829.443:ERROR:process_memory_win.cc(73)] ReadMemory at 0x1cc29c84690 of 132 bytes failed: Only part of a ReadProcessMemory or WriteProcessMemory request was completed. (0x12B)
[0915/070829.443:ERROR:process_memory_win.cc(73)] ReadMemory at 0x1cc29c84950 of 132 bytes failed: Only part of a ReadProcessMemory or WriteProcessMemory request was completed. (0x12B)
[0915/070829.443:ERROR:process_memory_win.cc(73)] ReadMemory at 0x1cc29c84ae0 of 68 bytes failed: Only part of a ReadProcessMemory or WriteProcessMemory request was completed. (0x12B)
[0915/070829.443:ERROR:process_memory_win.cc(73)] ReadMemory at 0x1cc29c85c80 of 132 bytes failed: Only part of a ReadProcessMemory or WriteProcessMemory request was completed. (0x12B)
[0915/070829.443:ERROR:process_memory_win.cc(73)] ReadMemory at 0x1cc29c85db0 of 154 bytes failed: Only part of a ReadProcessMemory or WriteProcessMemory request was completed. (0x12B)
[0915/070829.444:ERROR:process_memory_win.cc(73)] ReadMemory at 0x1cc29c88710 of 62 bytes failed: Only part of a ReadProcessMemory or WriteProcessMemory request was completed. (0x12B)
[0915/070829.444:ERROR:process_memory_win.cc(73)] ReadMemory at 0x1cc29c88900 of 132 bytes failed: Only part of a ReadProcessMemory or WriteProcessMemory request was completed. (0x12B)
[0915/070829.444:ERROR:process_memory_win.cc(73)] ReadMemory at 0x1cc29c88a30 of 60 bytes failed: Only part of a ReadProcessMemory or WriteProcessMemory request was completed. (0x12B)
[0915/070829.444:ERROR:process_memory_win.cc(73)] ReadMemory at 0x1cc29c95a40 of 132 bytes failed: Only part of a ReadProcessMemory or WriteProcessMemory request was completed. (0x12B)
[0915/070829.444:ERROR:process_memory_win.cc(73)] ReadMemory at 0x1cc29c95fb0 of 132 bytes failed: Only part of a ReadProcessMemory or WriteProcessMemory request was completed. (0x12B)
[0915/070829.444:ERROR:process_memory_win.cc(73)] ReadMemory at 0x1cc29c96eb0 of 132 bytes failed: Only part of a ReadProcessMemory or WriteProcessMemory request was completed. (0x12B)
[0915/070829.444:ERROR:process_memory_win.cc(73)] ReadMemory at 0x1cc29c98f00 of 132 bytes failed: Only part of a ReadProcessMemory or WriteProcessMemory request was completed. (0x12B)
[0915/070829.445:ERROR:process_memory_win.cc(73)] ReadMemory at 0x1cc29c99030 of 132 bytes failed: Only part of a ReadProcessMemory or WriteProcessMemory request was completed. (0x12B)
[0915/070829.445:ERROR:process_memory_win.cc(73)] ReadMemory at 0x1cc29c99160 of 132 bytes failed: Only part of a ReadProcessMemory or WriteProcessMemory request was completed. (0x12B)
[0915/070829.445:ERROR:process_memory_win.cc(73)] ReadMemory at 0x1cc29c99290 of 132 bytes failed: Only part of a ReadProcessMemory or WriteProcessMemory request was completed. (0x12B)
[0915/070829.445:ERROR:process_memory_win.cc(73)] ReadMemory at 0x1cc29c993c0 of 132 bytes failed: Only part of a ReadProcessMemory or WriteProcessMemory request was completed. (0x12B)
[0915/070829.445:ERROR:process_memory_win.cc(73)] ReadMemory at 0x1cc29c994f0 of 132 bytes failed: Only part of a ReadProcessMemory or WriteProcessMemory request was completed. (0x12B)
[0915/070829.446:ERROR:process_memory_win.cc(73)] ReadMemory at 0x1cc29c99620 of 132 bytes failed: Only part of a ReadProcessMemory or WriteProcessMemory request was completed. (0x12B)
[0915/070829.446:ERROR:process_memory_win.cc(73)] ReadMemory at 0x1cc29c99750 of 132 bytes failed: Only part of a ReadProcessMemory or WriteProcessMemory request was completed. (0x12B)
[0915/070829.446:ERROR:process_memory_win.cc(73)] ReadMemory at 0x1cc29c99880 of 132 bytes failed: Only part of a ReadProcessMemory or WriteProcessMemory request was completed. (0x12B)
[0915/070829.446:ERROR:process_memory_win.cc(73)] ReadMemory at 0x1cc29c999b0 of 132 bytes failed: Only part of a ReadProcessMemory or WriteProcessMemory request was completed. (0x12B)
[0915/070829.446:ERROR:process_memory_win.cc(73)] ReadMemory at 0x1cc29c99ae0 of 132 bytes failed: Only part of a ReadProcessMemory or WriteProcessMemory request was completed. (0x12B)
[0915/070829.446:ERROR:process_memory_win.cc(73)] ReadMemory at 0x1cc29c99c10 of 132 bytes failed: Only part of a ReadProcessMemory or WriteProcessMemory request was completed. (0x12B)
[0915/070829.446:ERROR:process_memory_win.cc(73)] ReadMemory at 0x1cc29c99d40 of 132 bytes failed: Only part of a ReadProcessMemory or WriteProcessMemory request was completed. (0x12B)
[0915/070829.446:ERROR:process_memory_win.cc(73)] ReadMemory at 0x1cc29c9a940 of 132 bytes failed: Only part of a ReadProcessMemory or WriteProcessMemory request was completed. (0x12B)
[0915/070829.447:ERROR:process_memory_win.cc(73)] ReadMemory at 0x1cc29c9ab20 of 62 bytes failed: Only part of a ReadProcessMemory or WriteProcessMemory request was completed. (0x12B)
[0915/070829.447:ERROR:process_memory_win.cc(73)] ReadMemory at 0x1cc29c9af80 of 64 bytes failed: Only part of a ReadProcessMemory or WriteProcessMemory request was completed. (0x12B)
[0915/070829.447:ERROR:process_memory_win.cc(73)] ReadMemory at 0x1cc29c9b020 of 64 bytes failed: Only part of a ReadProcessMemory or WriteProcessMemory request was completed. (0x12B)
[0915/070829.447:ERROR:process_memory_win.cc(73)] ReadMemory at 0x1cc29c9b070 of 66 bytes failed: Only part of a ReadProcessMemory or WriteProcessMemory request was completed. (0x12B)
[0915/070829.447:ERROR:process_memory_win.cc(73)] ReadMemory at 0x1cc29c9b0c0 of 64 bytes failed: Only part of a ReadProcessMemory or WriteProcessMemory request was completed. (0x12B)
[0915/070829.447:ERROR:process_memory_win.cc(73)] ReadMemory at 0x1cc29c9b110 of 58 bytes failed: Only part of a ReadProcessMemory or WriteProcessMemory request was completed. (0x12B)
[0915/070829.447:ERROR:process_memory_win.cc(73)] ReadMemory at 0x1cc29c9b160 of 62 bytes failed: Only part of a ReadProcessMemory or WriteProcessMemory request was completed. (0x12B)
[0915/070829.447:ERROR:process_memory_win.cc(73)] ReadMemory at 0x1cc29c9b1b0 of 62 bytes failed: Only part of a ReadProcessMemory or WriteProcessMemory request was completed. (0x12B)
[0915/070829.447:ERROR:process_memory_win.cc(73)] ReadMemory at 0x1cc29c9b250 of 60 bytes failed: Only part of a ReadProcessMemory or WriteProcessMemory request was completed. (0x12B)
[0915/070829.448:ERROR:process_memory_win.cc(73)] ReadMemory at 0x1cc29c9b2a0 of 60 bytes failed: Only part of a ReadProcessMemory or WriteProcessMemory request was completed. (0x12B)
[0915/070829.448:ERROR:process_memory_win.cc(73)] ReadMemory at 0x1cc29c9b2f0 of 62 bytes failed: Only part of a ReadProcessMemory or WriteProcessMemory request was completed. (0x12B)
[0915/070829.448:ERROR:process_memory_win.cc(73)] ReadMemory at 0x1cc29c9b660 of 60 bytes failed: Only part of a ReadProcessMemory or WriteProcessMemory request was completed. (0x12B)
[0915/070829.448:ERROR:process_memory_win.cc(73)] ReadMemory at 0x1cc29c9b6b0 of 62 bytes failed: Only part of a ReadProcessMemory or WriteProcessMemory request was completed. (0x12B)
[0915/070829.448:ERROR:process_memory_win.cc(73)] ReadMemory at 0x1cc29c9b700 of 64 bytes failed: Only part of a ReadProcessMemory or WriteProcessMemory request was completed. (0x12B)
[0915/070829.448:ERROR:process_memory_win.cc(73)] ReadMemory at 0x1cc29c9b750 of 62 bytes failed: Only part of a ReadProcessMemory or WriteProcessMemory request was completed. (0x12B)
[0915/070829.448:ERROR:process_memory_win.cc(73)] ReadMemory at 0x1cc29c9b7a0 of 62 bytes failed: Only part of a ReadProcessMemory or WriteProcessMemory request was completed. (0x12B)
[0915/070829.448:ERROR:process_memory_win.cc(73)] ReadMemory at 0x1cc29c9b7f0 of 62 bytes failed: Only part of a ReadProcessMemory or WriteProcessMemory request was completed. (0x12B)
[0915/070829.449:ERROR:process_memory_win.cc(73)] ReadMemory at 0x1cc29c9b840 of 64 bytes failed: Only part of a ReadProcessMemory or WriteProcessMemory request was completed. (0x12B)
[0915/070829.449:ERROR:process_memory_win.cc(73)] ReadMemory at 0x1cc29c9b8e0 of 64 bytes failed: Only part of a ReadProcessMemory or WriteProcessMemory request was completed. (0x12B)
[0915/070829.449:ERROR:process_memory_win.cc(73)] ReadMemory at 0x1cc29c9b930 of 62 bytes failed: Only part of a ReadProcessMemory or WriteProcessMemory request was completed. (0x12B)
[0915/070829.449:ERROR:process_memory_win.cc(73)] ReadMemory at 0x1cc29c9ba70 of 64 bytes failed: Only part of a ReadProcessMemory or WriteProcessMemory request was completed. (0x12B)
[0915/070829.449:ERROR:process_memory_win.cc(73)] ReadMemory at 0x1cc29c9c110 of 132 bytes failed: Only part of a ReadProcessMemory or WriteProcessMemory request was completed. (0x12B)
[0915/070829.449:ERROR:process_memory_win.cc(73)] ReadMemory at 0x1cc29c9c460 of 132 bytes failed: Only part of a ReadProcessMemory or WriteProcessMemory request was completed. (0x12B)
[0915/070829.449:ERROR:process_memory_win.cc(73)] ReadMemory at 0x1cc29c9c670 of 132 bytes failed: Only part of a ReadProcessMemory or WriteProcessMemory request was completed. (0x12B)
[0915/070829.449:ERROR:process_memory_win.cc(73)] ReadMemory at 0x1cc29c9e390 of 132 bytes failed: Only part of a ReadProcessMemory or WriteProcessMemory request was completed. (0x12B)
[0915/070829.449:ERROR:process_memory_win.cc(73)] ReadMemory at 0x1cc29c9e4c0 of 146 bytes failed: Only part of a ReadProcessMemory or WriteProcessMemory request was completed. (0x12B)
[0915/070829.450:ERROR:process_memory_win.cc(73)] ReadMemory at 0x1cc29ca2e60 of 132 bytes failed: Only part of a ReadProcessMemory or WriteProcessMemory request was completed. (0x12B)
[0915/070829.450:ERROR:process_memory_win.cc(73)] ReadMemory at 0x1cc29ca5f30 of 78 bytes failed: Only part of a ReadProcessMemory or WriteProcessMemory request was completed. (0x12B)
[0915/070829.450:ERROR:process_memory_win.cc(73)] ReadMemory at 0x1cc29ca6050 of 80 bytes failed: Only part of a ReadProcessMemory or WriteProcessMemory request was completed. (0x12B)
[0915/070829.450:ERROR:process_memory_win.cc(73)] ReadMemory at 0x1cc29ca63b0 of 80 bytes failed: Only part of a ReadProcessMemory or WriteProcessMemory request was completed. (0x12B)
[0915/070829.450:ERROR:process_memory_win.cc(73)] ReadMemory at 0x1cc29ca6e00 of 132 bytes failed: Only part of a ReadProcessMemory or WriteProcessMemory request was completed. (0x12B)
[0915/070829.450:ERROR:process_memory_win.cc(73)] ReadMemory at 0x1cc29ca6f30 of 132 bytes failed: Only part of a ReadProcessMemory or WriteProcessMemory request was completed. (0x12B)
[0915/070829.450:ERROR:process_memory_win.cc(73)] ReadMemory at 0x1cc29ca7060 of 132 bytes failed: Only part of a ReadProcessMemory or WriteProcessMemory request was completed. (0x12B)
[0915/070829.450:ERROR:process_memory_win.cc(73)] ReadMemory at 0x1cc29ca72c0 of 132 bytes failed: Only part of a ReadProcessMemory or WriteProcessMemory request was completed. (0x12B)
[0915/070829.451:ERROR:process_memory_win.cc(73)] ReadMemory at 0x1cc29ca73f0 of 132 bytes failed: Only part of a ReadProcessMemory or WriteProcessMemory request was completed. (0x12B)
[0915/070829.451:ERROR:process_memory_win.cc(73)] ReadMemory at 0x1cc29ca7520 of 132 bytes failed: Only part of a ReadProcessMemory or WriteProcessMemory request was completed. (0x12B)
[0915/070829.451:ERROR:process_memory_win.cc(73)] ReadMemory at 0x1cc29ca7650 of 132 bytes failed: Only part of a ReadProcessMemory or WriteProcessMemory request was completed. (0x12B)
[0915/070829.451:ERROR:process_memory_win.cc(73)] ReadMemory at 0x1cc29ca79e0 of 132 bytes failed: Only part of a ReadProcessMemory or WriteProcessMemory request was completed. (0x12B)
[0915/070829.451:ERROR:process_memory_win.cc(73)] ReadMemory at 0x1cc29ca7b10 of 132 bytes failed: Only part of a ReadProcessMemory or WriteProcessMemory request was completed. (0x12B)
[0915/070829.451:ERROR:process_memory_win.cc(73)] ReadMemory at 0x1cc29ca7c40 of 132 bytes failed: Only part of a ReadProcessMemory or WriteProcessMemory request was completed. (0x12B)
[0915/070829.452:ERROR:process_memory_win.cc(73)] ReadMemory at 0x1cc29ca7ea0 of 132 bytes failed: Only part of a ReadProcessMemory or WriteProcessMemory request was completed. (0x12B)
[0915/070829.452:ERROR:process_memory_win.cc(73)] ReadMemory at 0x1cc29ca7fd0 of 132 bytes failed: Only part of a ReadProcessMemory or WriteProcessMemory request was completed. (0x12B)
[0915/070829.452:ERROR:process_memory_win.cc(73)] ReadMemory at 0x1cc29ca8230 of 132 bytes failed: Only part of a ReadProcessMemory or WriteProcessMemory request was completed. (0x12B)
[0915/070829.452:ERROR:process_memory_win.cc(73)] ReadMemory at 0x1cc29ca86f0 of 132 bytes failed: Only part of a ReadProcessMemory or WriteProcessMemory request was completed. (0x12B)
[0915/070829.452:ERROR:process_memory_win.cc(73)] ReadMemory at 0x1cc29cb6090 of 60 bytes failed: Only part of a ReadProcessMemory or WriteProcessMemory request was completed. (0x12B)
[0915/070829.453:ERROR:process_memory_win.cc(73)] ReadMemory at 0x1cc29cc4670 of 58 bytes failed: Only part of a ReadProcessMemory or WriteProcessMemory request was completed. (0x12B)
[0915/070829.453:ERROR:process_memory_win.cc(73)] ReadMemory at 0x1cc29cc46c0 of 66 bytes failed: Only part of a ReadProcessMemory or WriteProcessMemory request was completed. (0x12B)
[0915/070829.453:ERROR:process_memory_win.cc(73)] ReadMemory at 0x1cc29cc4a30 of 60 bytes failed: Only part of a ReadProcessMemory or WriteProcessMemory request was completed. (0x12B)
[0915/070829.454:ERROR:process_memory_win.cc(73)] ReadMemory at 0x1cc29cc4b20 of 58 bytes failed: Only part of a ReadProcessMemory or WriteProcessMemory request was completed. (0x12B)
[0915/070829.454:ERROR:process_memory_win.cc(73)] ReadMemory at 0x1cc29cc4df0 of 62 bytes failed: Only part of a ReadProcessMemory or WriteProcessMemory request was completed. (0x12B)
[0915/070829.454:ERROR:process_memory_win.cc(73)] ReadMemory at 0x1cc29cc5020 of 62 bytes failed: Only part of a ReadProcessMemory or WriteProcessMemory request was completed. (0x12B)
[0915/070829.454:ERROR:process_memory_win.cc(73)] ReadMemory at 0x1cc29cc5160 of 60 bytes failed: Only part of a ReadProcessMemory or WriteProcessMemory request was completed. (0x12B)
[0915/070829.456:ERROR:process_memory_win.cc(73)] ReadMemory at 0x1cc29cc52a0 of 62 bytes failed: Only part of a ReadProcessMemory or WriteProcessMemory request was completed. (0x12B)
[0915/070829.456:ERROR:process_memory_win.cc(73)] ReadMemory at 0x1cc29cc5520 of 60 bytes failed: Only part of a ReadProcessMemory or WriteProcessMemory request was completed. (0x12B)
[0915/070829.457:ERROR:process_memory_win.cc(73)] ReadMemory at 0x1cc29cc55c0 of 56 bytes failed: Only part of a ReadProcessMemory or WriteProcessMemory request was completed. (0x12B)
[0915/070829.457:ERROR:process_memory_win.cc(73)] ReadMemory at 0x1cc29ce8370 of 512 bytes failed: Only part of a ReadProcessMemory or WriteProcessMemory request was completed. (0x12B)
[0915/070829.457:ERROR:process_memory_win.cc(73)] ReadMemory at 0x1cc29cffc20 of 512 bytes failed: Only part of a ReadProcessMemory or WriteProcessMemory request was completed. (0x12B)
[0915/070829.457:ERROR:process_memory_win.cc(73)] ReadMemory at 0x1cc29d012a0 of 512 bytes failed: Only part of a ReadProcessMemory or WriteProcessMemory request was completed. (0x12B)
[0915/070829.458:ERROR:process_memory_win.cc(73)] ReadMemory at 0x1cc29d02f60 of 512 bytes failed: Only part of a ReadProcessMemory or WriteProcessMemory request was completed. (0x12B)
[0915/070829.458:ERROR:process_memory_win.cc(73)] ReadMemory at 0x1cc29d063c0 of 512 bytes failed: Only part of a ReadProcessMemory or WriteProcessMemory request was completed. (0x12B)
[0915/070829.459:ERROR:process_memory_win.cc(73)] ReadMemory at 0x1cc29d069a0 of 512 bytes failed: Only part of a ReadProcessMemory or WriteProcessMemory request was completed. (0x12B)
[0915/070829.471:ERROR:process_memory_win.cc(73)] ReadMemory at 0x1cc29d143a0 of 512 bytes failed: Only part of a ReadProcessMemory or WriteProcessMemory request was completed. (0x12B)
[0915/070829.471:ERROR:process_memory_win.cc(73)] ReadMemory at 0x1cc29d21590 of 712 bytes failed: Only part of a ReadProcessMemory or WriteProcessMemory request was completed. (0x12B)
[0915/070829.471:ERROR:process_memory_win.cc(73)] ReadMemory at 0x1cc29d37fb0 of 512 bytes failed: Only part of a ReadProcessMemory or WriteProcessMemory request was completed. (0x12B)
[0915/070829.473:ERROR:process_memory_win.cc(73)] ReadMemory at 0x1cc29d3a9a0 of 512 bytes failed: Only part of a ReadProcessMemory or WriteProcessMemory request was completed. (0x12B)
[0915/070829.473:ERROR:process_memory_win.cc(73)] ReadMemory at 0x1cc29d42ac0 of 512 bytes failed: Only part of a ReadProcessMemory or WriteProcessMemory request was completed. (0x12B)
[0915/070829.473:ERROR:process_memory_win.cc(73)] ReadMemory at 0x1cc29d43040 of 512 bytes failed: Only part of a ReadProcessMemory or WriteProcessMemory request was completed. (0x12B)
[0915/070829.473:ERROR:process_memory_win.cc(73)] ReadMemory at 0x1cc29dc0c40 of 752 bytes failed: Only part of a ReadProcessMemory or WriteProcessMemory request was completed. (0x12B)
[0915/070829.473:ERROR:process_memory_win.cc(73)] ReadMemory at 0x1cc29dc1000 of 512 bytes failed: Only part of a ReadProcessMemory or WriteProcessMemory request was completed. (0x12B)
[0915/070829.474:ERROR:process_memory_win.cc(73)] ReadMemory at 0x1cc2b900000 of 384 bytes failed: Only part of a ReadProcessMemory or WriteProcessMemory request was completed. (0x12B)
[0915/070829.474:ERROR:process_memory_win.cc(73)] ReadMemory at 0x1cc2b913fb0 of 512 bytes failed: Only part of a ReadProcessMemory or WriteProcessMemory request was completed. (0x12B)
[0915/070829.474:ERROR:process_memory_win.cc(73)] ReadMemory at 0x1cc2b9437e0 of 512 bytes failed: Only part of a ReadProcessMemory or WriteProcessMemory request was completed. (0x12B)
[0915/070829.474:ERROR:process_memory_win.cc(73)] ReadMemory at 0x1cc2b9517f0 of 512 bytes failed: Only part of a ReadProcessMemory or WriteProcessMemory request was completed. (0x12B)
[0915/070829.474:ERROR:process_memory_win.cc(73)] ReadMemory at 0x1cc2b99dd80 of 512 bytes failed: Only part of a ReadProcessMemory or WriteProcessMemory request was completed. (0x12B)
[0915/070829.474:ERROR:process_memory_win.cc(73)] ReadMemory at 0x1cc2bcc4120 of 512 bytes failed: Only part of a ReadProcessMemory or WriteProcessMemory request was completed. (0x12B)
[0915/070829.474:ERROR:process_memory_win.cc(73)] ReadMemory at 0x1cc2bd06f40 of 512 bytes failed: Only part of a ReadProcessMemory or WriteProcessMemory request was completed. (0x12B)
[0915/070829.474:ERROR:process_memory_win.cc(73)] ReadMemory at 0x1cc2bd248a0 of 512 bytes failed: Only part of a ReadProcessMemory or WriteProcessMemory request was completed. (0x12B)
[0915/070829.474:ERROR:process_memory_win.cc(73)] ReadMemory at 0x1cc2bd30f50 of 512 bytes failed: Only part of a ReadProcessMemory or WriteProcessMemory request was completed. (0x12B)
[0915/070829.475:ERROR:process_memory_win.cc(73)] ReadMemory at 0x1cc2bd61500 of 512 bytes failed: Only part of a ReadProcessMemory or WriteProcessMemory request was completed. (0x12B)
[0915/070829.475:ERROR:process_memory_win.cc(73)] ReadMemory at 0x1cc2c6bff80 of 512 bytes failed: Only part of a ReadProcessMemory or WriteProcessMemory request was completed. (0x12B)
[0915/070829.475:ERROR:process_memory_win.cc(73)] ReadMemory at 0x1cc2c848e80 of 512 bytes failed: Only part of a ReadProcessMemory or WriteProcessMemory request was completed. (0x12B)
[0915/070829.475:ERROR:process_memory_win.cc(73)] ReadMemory at 0x7ffed3f8e17d of 512 bytes failed: Only part of a ReadProcessMemory or WriteProcessMemory request was completed. (0x12B)
[0915/070829.475:ERROR:process_memory_win.cc(73)] ReadMemory at 0x7ffed8dcbf4b of 512 bytes failed: Only part of a ReadProcessMemory or WriteProcessMemory request was completed. (0x12B)
[0915/070829.475:ERROR:process_memory_win.cc(73)] ReadMemory at 0x7ffed9bb9ef0 of 512 bytes failed: Only part of a ReadProcessMemory or WriteProcessMemory request was completed. (0x12B)
[0915/070829.475:ERROR:process_memory_win.cc(73)] ReadMemory at 0x7fff32953dc9 of 512 bytes failed: Only part of a ReadProcessMemory or WriteProcessMemory request was completed. (0x12B)
[0915/070829.475:ERROR:process_memory_win.cc(73)] ReadMemory at 0x7fff32bbc758 of 512 bytes failed: Only part of a ReadProcessMemory or WriteProcessMemory request was completed. (0x12B)
[0915/070829.475:ERROR:process_memory_win.cc(73)] ReadMemory at 0x7fff330049f0 of 512 bytes failed: Only part of a ReadProcessMemory or WriteProcessMemory request was completed. (0x12B)
[0915/070829.475:ERROR:process_memory_win.cc(73)] ReadMemory at 0x7fff34e4bdc4 of 672 bytes failed: Only part of a ReadProcessMemory or WriteProcessMemory request was completed. (0x12B)
[0915/070829.475:ERROR:process_memory_win.cc(73)] ReadMemory at 0x7fff34e4c3c4 of 512 bytes failed: Only part of a ReadProcessMemory or WriteProcessMemory request was completed. (0x12B)
[0915/070829.476:ERROR:process_memory_win.cc(73)] ReadMemory at 0x7fff34e4f734 of 608 bytes failed: Only part of a ReadProcessMemory or WriteProcessMemory request was completed. (0x12B)
[0915/070829.476:ERROR:process_memory_win.cc(73)] ReadMemory at 0x7fff34ee06e0 of 18 bytes failed: Only part of a ReadProcessMemory or WriteProcessMemory request was completed. (0x12B)
[0915/070829.476:ERROR:process_memory_win.cc(73)] ReadMemory at 0x7fff34f144f8 of 40 bytes failed: Only part of a ReadProcessMemory or WriteProcessMemory request was completed. (0x12B)
[0915/070829.476:ERROR:process_memory_win.cc(73)] ReadMemory at 0x7fff34f14978 of 48 bytes failed: Only part of a ReadProcessMemory or WriteProcessMemory request was completed. (0x12B)
[0915/070829.476:ERROR:process_memory_win.cc(73)] ReadMemory at 0x7fff34f1a4c0 of 64 bytes failed: Only part of a ReadProcessMemory or WriteProcessMemory request was completed. (0x12B)
[0915/070829.478:ERROR:scoped_process_suspend.cc(40)] NtResumeProcess: An attempt was made to access an exiting process. (0xc000010a)
[1108/195554.044:ERROR:directory_reader_win.cc(43)] FindFirstFile: The system cannot find the path specified. (0x3)
[1222/081230.112:ERROR:directory_reader_win.cc(43)] FindFirstFile: The system cannot find the path specified. (0x3)
